{"backbone.rpc2.js":{"path":"backbone.rpc2.js","s":{"1":1,"2":0,"3":0,"4":0,"5":0,"6":0,"7":0,"8":0,"9":0,"10":0,"11":0,"12":0,"13":0,"14":0,"15":0,"16":0,"17":0,"18":0,"19":0,"20":0,"21":0,"22":0,"23":0,"24":0,"25":0,"26":0,"27":0,"28":0,"29":0,"30":0,"31":0,"32":0,"33":0,"34":0,"35":0,"36":0,"37":0,"38":0,"39":0,"40":0,"41":0,"42":0,"43":0,"44":0,"45":0,"46":0,"47":0,"48":0,"49":0,"50":0,"51":0,"52":0,"53":0,"54":0,"55":0,"56":0},"b":{"1":[0,0],"2":[0,0],"3":[0,0],"4":[0,0],"5":[0,0],"6":[0,0],"7":[0,0],"8":[0,0],"9":[0,0],"10":[0,0],"11":[0,0],"12":[0,0],"13":[0,0],"14":[0,0],"15":[0,0]},"f":{"1":0,"2":0,"3":0,"4":0,"5":0,"6":0,"7":0,"8":0,"9":0,"10":0,"11":0,"12":0,"13":0,"14":0},"fnMap":{"1":{"name":"(anonymous_1)","line":12,"loc":{"start":{"line":12,"column":12},"end":{"line":12,"column":29}}},"2":{"name":"(anonymous_2)","line":20,"loc":{"start":{"line":20,"column":1},"end":{"line":20,"column":13}}},"3":{"name":"(anonymous_3)","line":34,"loc":{"start":{"line":34,"column":13},"end":{"line":34,"column":46}}},"4":{"name":"(anonymous_4)","line":41,"loc":{"start":{"line":41,"column":16},"end":{"line":41,"column":35}}},"5":{"name":"(anonymous_5)","line":48,"loc":{"start":{"line":48,"column":14},"end":{"line":48,"column":33}}},"6":{"name":"(anonymous_6)","line":81,"loc":{"start":{"line":81,"column":21},"end":{"line":81,"column":42}}},"7":{"name":"(anonymous_7)","line":87,"loc":{"start":{"line":87,"column":32},"end":{"line":87,"column":81}}},"8":{"name":"(anonymous_8)","line":94,"loc":{"start":{"line":94,"column":27},"end":{"line":94,"column":48}}},"9":{"name":"(anonymous_9)","line":111,"loc":{"start":{"line":111,"column":19},"end":{"line":111,"column":36}}},"10":{"name":"(anonymous_10)","line":127,"loc":{"start":{"line":127,"column":24},"end":{"line":127,"column":41}}},"11":{"name":"(anonymous_11)","line":131,"loc":{"start":{"line":131,"column":18},"end":{"line":131,"column":45}}},"12":{"name":"(anonymous_12)","line":209,"loc":{"start":{"line":209,"column":8},"end":{"line":209,"column":41}}},"13":{"name":"(anonymous_13)","line":234,"loc":{"start":{"line":234,"column":13},"end":{"line":234,"column":34}}},"14":{"name":"(anonymous_14)","line":250,"loc":{"start":{"line":250,"column":8},"end":{"line":250,"column":41}}}},"statementMap":{"1":{"start":{"line":11,"column":0},"end":{"line":15,"column":1}},"2":{"start":{"line":12,"column":1},"end":{"line":14,"column":3}},"3":{"start":{"line":13,"column":2},"end":{"line":13,"column":32}},"4":{"start":{"line":20,"column":0},"end":{"line":256,"column":5}},"5":{"start":{"line":23,"column":1},"end":{"line":23,"column":15}},"6":{"start":{"line":26,"column":1},"end":{"line":26,"column":22}},"7":{"start":{"line":34,"column":1},"end":{"line":71,"column":3}},"8":{"start":{"line":36,"column":2},"end":{"line":39,"column":5}},"9":{"start":{"line":41,"column":2},"end":{"line":46,"column":4}},"10":{"start":{"line":44,"column":3},"end":{"line":44,"column":29}},"11":{"start":{"line":48,"column":2},"end":{"line":53,"column":4}},"12":{"start":{"line":51,"column":3},"end":{"line":51,"column":27}},"13":{"start":{"line":55,"column":2},"end":{"line":55,"column":15}},"14":{"start":{"line":57,"column":2},"end":{"line":68,"column":3}},"15":{"start":{"line":58,"column":3},"end":{"line":58,"column":115}},"16":{"start":{"line":60,"column":9},"end":{"line":68,"column":3}},"17":{"start":{"line":61,"column":3},"end":{"line":61,"column":111}},"18":{"start":{"line":63,"column":9},"end":{"line":68,"column":3}},"19":{"start":{"line":64,"column":3},"end":{"line":64,"column":115}},"20":{"start":{"line":66,"column":9},"end":{"line":68,"column":3}},"21":{"start":{"line":67,"column":3},"end":{"line":67,"column":115}},"22":{"start":{"line":70,"column":2},"end":{"line":70,"column":18}},"23":{"start":{"line":76,"column":1},"end":{"line":155,"column":3}},"24":{"start":{"line":82,"column":3},"end":{"line":84,"column":4}},"25":{"start":{"line":83,"column":4},"end":{"line":83,"column":55}},"26":{"start":{"line":85,"column":3},"end":{"line":85,"column":98}},"27":{"start":{"line":89,"column":3},"end":{"line":92,"column":5}},"28":{"start":{"line":93,"column":3},"end":{"line":93,"column":20}},"29":{"start":{"line":94,"column":3},"end":{"line":104,"column":6}},"30":{"start":{"line":95,"column":4},"end":{"line":103,"column":5}},"31":{"start":{"line":96,"column":5},"end":{"line":96,"column":29}},"32":{"start":{"line":100,"column":11},"end":{"line":103,"column":5}},"33":{"start":{"line":101,"column":5},"end":{"line":101,"column":102}},"34":{"start":{"line":105,"column":3},"end":{"line":105,"column":21}},"35":{"start":{"line":113,"column":3},"end":{"line":113,"column":69}},"36":{"start":{"line":116,"column":3},"end":{"line":118,"column":4}},"37":{"start":{"line":117,"column":4},"end":{"line":117,"column":26}},"38":{"start":{"line":120,"column":3},"end":{"line":122,"column":4}},"39":{"start":{"line":121,"column":4},"end":{"line":121,"column":16}},"40":{"start":{"line":125,"column":3},"end":{"line":125,"column":44}},"41":{"start":{"line":129,"column":3},"end":{"line":129,"column":20}},"42":{"start":{"line":131,"column":3},"end":{"line":150,"column":6}},"43":{"start":{"line":133,"column":4},"end":{"line":148,"column":5}},"44":{"start":{"line":134,"column":5},"end":{"line":134,"column":55}},"45":{"start":{"line":136,"column":11},"end":{"line":148,"column":5}},"46":{"start":{"line":138,"column":5},"end":{"line":146,"column":6}},"47":{"start":{"line":139,"column":6},"end":{"line":139,"column":65}},"48":{"start":{"line":140,"column":6},"end":{"line":145,"column":7}},"49":{"start":{"line":141,"column":7},"end":{"line":141,"column":50}},"50":{"start":{"line":144,"column":7},"end":{"line":144,"column":28}},"51":{"start":{"line":152,"column":3},"end":{"line":152,"column":17}},"52":{"start":{"line":161,"column":1},"end":{"line":213,"column":4}},"53":{"start":{"line":210,"column":3},"end":{"line":210,"column":44}},"54":{"start":{"line":219,"column":1},"end":{"line":254,"column":4}},"55":{"start":{"line":234,"column":36},"end":{"line":234,"column":63}},"56":{"start":{"line":251,"column":3},"end":{"line":251,"column":44}}},"branchMap":{"1":{"line":11,"type":"if","locations":[{"start":{"line":11,"column":0},"end":{"line":11,"column":0}},{"start":{"line":11,"column":0},"end":{"line":11,"column":0}}]},"2":{"line":57,"type":"if","locations":[{"start":{"line":57,"column":2},"end":{"line":57,"column":2}},{"start":{"line":57,"column":2},"end":{"line":57,"column":2}}]},"3":{"line":60,"type":"if","locations":[{"start":{"line":60,"column":9},"end":{"line":60,"column":9}},{"start":{"line":60,"column":9},"end":{"line":60,"column":9}}]},"4":{"line":63,"type":"if","locations":[{"start":{"line":63,"column":9},"end":{"line":63,"column":9}},{"start":{"line":63,"column":9},"end":{"line":63,"column":9}}]},"5":{"line":66,"type":"if","locations":[{"start":{"line":66,"column":9},"end":{"line":66,"column":9}},{"start":{"line":66,"column":9},"end":{"line":66,"column":9}}]},"6":{"line":82,"type":"if","locations":[{"start":{"line":82,"column":3},"end":{"line":82,"column":3}},{"start":{"line":82,"column":3},"end":{"line":82,"column":3}}]},"7":{"line":95,"type":"if","locations":[{"start":{"line":95,"column":4},"end":{"line":95,"column":4}},{"start":{"line":95,"column":4},"end":{"line":95,"column":4}}]},"8":{"line":100,"type":"if","locations":[{"start":{"line":100,"column":11},"end":{"line":100,"column":11}},{"start":{"line":100,"column":11},"end":{"line":100,"column":11}}]},"9":{"line":100,"type":"binary-expr","locations":[{"start":{"line":100,"column":15},"end":{"line":100,"column":50}},{"start":{"line":100,"column":54},"end":{"line":100,"column":113}}]},"10":{"line":116,"type":"if","locations":[{"start":{"line":116,"column":3},"end":{"line":116,"column":3}},{"start":{"line":116,"column":3},"end":{"line":116,"column":3}}]},"11":{"line":120,"type":"if","locations":[{"start":{"line":120,"column":3},"end":{"line":120,"column":3}},{"start":{"line":120,"column":3},"end":{"line":120,"column":3}}]},"12":{"line":133,"type":"if","locations":[{"start":{"line":133,"column":4},"end":{"line":133,"column":4}},{"start":{"line":133,"column":4},"end":{"line":133,"column":4}}]},"13":{"line":136,"type":"if","locations":[{"start":{"line":136,"column":11},"end":{"line":136,"column":11}},{"start":{"line":136,"column":11},"end":{"line":136,"column":11}}]},"14":{"line":138,"type":"if","locations":[{"start":{"line":138,"column":5},"end":{"line":138,"column":5}},{"start":{"line":138,"column":5},"end":{"line":138,"column":5}}]},"15":{"line":140,"type":"if","locations":[{"start":{"line":140,"column":6},"end":{"line":140,"column":6}},{"start":{"line":140,"column":6},"end":{"line":140,"column":6}}]}}}}